#
# There is insufficient memory for the Java Runtime Environment to continue.
# Native memory allocation (mmap) failed to map 268435456 bytes for G1 virtual space
# Possible reasons:
#   The system is out of physical RAM or swap space
#   The process is running with CompressedOops enabled, and the Java Heap may be blocking the growth of the native heap
# Possible solutions:
#   Reduce memory load on the system
#   Increase physical memory or swap space
#   Check if swap backing store is full
#   Decrease Java heap size (-Xmx/-Xms)
#   Decrease number of Java threads
#   Decrease Java thread stack sizes (-Xss)
#   Set larger code cache with -XX:ReservedCodeCacheSize=
#   JVM is running with Zero Based Compressed Oops mode in which the Java heap is
#     placed in the first 32GB address space. The Java Heap base address is the
#     maximum limit for the native heap growth. Please use -XX:HeapBaseMinAddress
#     to set the Java Heap base and to place the Java Heap above 32GB virtual address.
# This output file may be truncated or incomplete.
#
#  Out of Memory Error (os_windows.cpp:3466), pid=6036, tid=20080
#
# JRE version:  (16.0.1+9) (build )
# Java VM: Java HotSpot(TM) 64-Bit Server VM (16.0.1+9-24, mixed mode, sharing, tiered, compressed oops, compressed class ptrs, g1 gc, windows-amd64)
# No core dump will be written. Minidumps are not enabled by default on client versions of Windows
#

---------------  S U M M A R Y ------------

Command Line: -Dfile.encoding=UTF-8 QuanLyBanHang.QuanLyHoaDon

Host: Intel(R) Core(TM) i5-8265U CPU @ 1.60GHz, 8 cores, 15G,  Windows 10 , 64 bit Build 19041 (10.0.19041.1023)
Time: Fri Jul  2 21:59:36 2021 SE Asia Standard Time elapsed time: 0.056390 seconds (0d 0h 0m 0s)

---------------  T H R E A D  ---------------

Current thread (0x000002581f2cbd20):  JavaThread "Unknown thread" [_thread_in_vm, id=20080, stack(0x0000007854400000,0x0000007854500000)]

Stack: [0x0000007854400000,0x0000007854500000]
Native frames: (J=compiled Java code, j=interpreted, Vv=VM code, C=native code)
V  [jvm.dll+0x6687ca]
V  [jvm.dll+0x7ca3c9]
V  [jvm.dll+0x7cbb53]
V  [jvm.dll+0x7cc1b3]
V  [jvm.dll+0x242ea5]
V  [jvm.dll+0x665589]
V  [jvm.dll+0x65a175]
V  [jvm.dll+0x2fc5ab]
V  [jvm.dll+0x3037a6]
V  [jvm.dll+0x352fee]
V  [jvm.dll+0x35321f]
V  [jvm.dll+0x2d3618]
V  [jvm.dll+0x2d4854]
V  [jvm.dll+0x79ccb1]
V  [jvm.dll+0x360de1]
V  [jvm.dll+0x77a990]
V  [jvm.dll+0x3e55af]
V  [jvm.dll+0x3e7081]
C  [jli.dll+0x52fb]
C  [ucrtbase.dll+0x21bb2]
C  [KERNEL32.DLL+0x17034]
C  [ntdll.dll+0x52651]


---------------  P R O C E S S  ---------------

Threads class SMR info:
_java_thread_list=0x00007ffd4a23cbb8, length=0, elements={
}

Java Threads: ( => current thread )

Other Threads:
  0x000002581f31d8a0 GCTaskThread "GC Thread#0" [stack: 0x0000007854500000,0x0000007854600000] [id=13912]
  0x000002581f32e6b0 ConcurrentGCThread "G1 Main Marker" [stack: 0x0000007854600000,0x0000007854700000] [id=15076]
  0x000002581f32f850 ConcurrentGCThread "G1 Conc#0" [stack: 0x0000007854700000,0x0000007854800000] [id=14820]

[error occurred during error reporting (printing all threads), id 0xc0000005, EXCEPTION_ACCESS_VIOLATION (0xc0000005) at pc=0x00007ffd49a144d7]

VM state: not at safepoint (not fully initialized)

VM Mutex/Monitor currently owned by a thread:  ([mutex/lock_event])
[0x000002581f2c8bf0] Heap_lock - owner thread: 0x000002581f2cbd20

Heap address: 0x0000000701c00000, size: 4068 MB, Compressed Oops mode: Zero based, Oop shift amount: 3

CDS archive(s) mapped at: [0x0000000000000000-0x0000000000000000-0x0000000000000000), size 0, SharedBaseAddress: 0x0000000800000000, ArchiveRelocationMode: 0.
Narrow klass base: 0x0000000000000000, Narrow klass shift: 0, Narrow klass range: 0x0

GC Precious Log:
<Empty>

Heap:
 garbage-first heap   total 0K, used 0K [0x0000000701c00000, 0x0000000800000000)
  region size 2048K, 0 young (0K), 0 survivors (0K)

[error occurred during error reporting (printing heap information), id 0xc0000005, EXCEPTION_ACCESS_VIOLATION (0xc0000005) at pc=0x00007ffd49df24ed]

GC Heap History (0 events):
No events

Deoptimization events (0 events):
No events

Classes unloaded (0 events):
No events

Classes redefined (0 events):
No events

Internal exceptions (0 events):
No events

Events (1 events):
Event: 0.006 Loaded shared library C:\Program Files\Java\jdk-16.0.1\bin\java.dll


Dynamic libraries:
0x00007ff697550000 - 0x00007ff697560000 	C:\Program Files\Java\jdk-16.0.1\bin\java.exe
0x00007ffdc2890000 - 0x00007ffdc2a85000 	C:\Windows\SYSTEM32\ntdll.dll
0x00007ffdc0a60000 - 0x00007ffdc0b1d000 	C:\Windows\System32\KERNEL32.DLL
0x00007ffdc0630000 - 0x00007ffdc08f8000 	C:\Windows\System32\KERNELBASE.dll
0x00007ffdc03a0000 - 0x00007ffdc04a0000 	C:\Windows\System32\ucrtbase.dll
0x00007ffda3d00000 - 0x00007ffda3d19000 	C:\Program Files\Java\jdk-16.0.1\bin\VCRUNTIME140.dll
0x00007ffdb3cc0000 - 0x00007ffdb3cd8000 	C:\Program Files\Java\jdk-16.0.1\bin\jli.dll
0x00007ffdc1fb0000 - 0x00007ffdc205c000 	C:\Windows\System32\ADVAPI32.dll
0x00007ffdc09c0000 - 0x00007ffdc0a5e000 	C:\Windows\System32\msvcrt.dll
0x00007ffdc2060000 - 0x00007ffdc20fb000 	C:\Windows\System32\sechost.dll
0x00007ffdc0b20000 - 0x00007ffdc0c4b000 	C:\Windows\System32\RPCRT4.dll
0x00007ffdc2260000 - 0x00007ffdc2400000 	C:\Windows\System32\USER32.dll
0x00007ffdc05d0000 - 0x00007ffdc05f2000 	C:\Windows\System32\win32u.dll
0x00007ffda2160000 - 0x00007ffda23fa000 	C:\Windows\WinSxS\amd64_microsoft.windows.common-controls_6595b64144ccf1df_6.0.19041.1052_none_60b8f8fd71f5e8cb\COMCTL32.dll
0x00007ffdc1250000 - 0x00007ffdc127a000 	C:\Windows\System32\GDI32.dll
0x00007ffdbffd0000 - 0x00007ffdc00db000 	C:\Windows\System32\gdi32full.dll
0x00007ffdc0530000 - 0x00007ffdc05cd000 	C:\Windows\System32\msvcp_win.dll
0x00007ffdb5db0000 - 0x00007ffdb5dba000 	C:\Windows\SYSTEM32\VERSION.dll
0x00007ffdc27c0000 - 0x00007ffdc27f0000 	C:\Windows\System32\IMM32.DLL
0x00007ffdb7b60000 - 0x00007ffdb7b6c000 	C:\Program Files\Java\jdk-16.0.1\bin\vcruntime140_1.dll
0x00007ffd76140000 - 0x00007ffd761d1000 	C:\Program Files\Java\jdk-16.0.1\bin\msvcp140.dll
0x00007ffd49730000 - 0x00007ffd4a2db000 	C:\Program Files\Java\jdk-16.0.1\bin\server\jvm.dll
0x00007ffdc0900000 - 0x00007ffdc0908000 	C:\Windows\System32\PSAPI.DLL
0x00007ffda1640000 - 0x00007ffda1649000 	C:\Windows\SYSTEM32\WSOCK32.dll
0x00007ffdc1c80000 - 0x00007ffdc1ceb000 	C:\Windows\System32\WS2_32.dll
0x00007ffda1f90000 - 0x00007ffda1fb7000 	C:\Windows\SYSTEM32\WINMM.dll
0x00007ffdbe8a0000 - 0x00007ffdbe8b2000 	C:\Windows\SYSTEM32\kernel.appcore.dll
0x00007ffdb6eb0000 - 0x00007ffdb6eba000 	C:\Program Files\Java\jdk-16.0.1\bin\jimage.dll
0x00007ffdba430000 - 0x00007ffdba614000 	C:\Windows\SYSTEM32\DBGHELP.DLL
0x00007ffd9b160000 - 0x00007ffd9b18c000 	C:\Windows\SYSTEM32\dbgcore.DLL
0x00007ffdc04a0000 - 0x00007ffdc0523000 	C:\Windows\System32\bcryptPrimitives.dll
0x00007ffd8d170000 - 0x00007ffd8d195000 	C:\Program Files\Java\jdk-16.0.1\bin\java.dll

dbghelp: loaded successfully - version: 4.0.5 - missing functions: none
symbol engine: initialized successfully - sym options: 0x614 - pdb path: .;C:\Program Files\Java\jdk-16.0.1\bin;C:\Windows\SYSTEM32;C:\Windows\WinSxS\amd64_microsoft.windows.common-controls_6595b64144ccf1df_6.0.19041.1052_none_60b8f8fd71f5e8cb;C:\Program Files\Java\jdk-16.0.1\bin\server

VM Arguments:
jvm_args: -Dfile.encoding=UTF-8 
java_command: QuanLyBanHang.QuanLyHoaDon
java_class_path (initial): C:\Users\khanh\Desktop\QuanLiBanHang_BanHoanChinh-main\QuanLiBanHang_08\src\tool\ojdbc10.jar;C:\Program Files\NetBeans-12.4\netbeans\java\modules\ext\AbsoluteLayout.jar;C:\Users\khanh\Documents\NetBeansProjects\quanli_khach_san\src\tool\absolutelayout.jar;C:\Users\khanh\Documents\NetBeansProjects\quanli_khach_san\src\tool\bcmail-jdk14-1.38.jar;C:\Users\khanh\Documents\NetBeansProjects\quanli_khach_san\src\tool\bcmail-jdk14-138.jar;C:\Users\khanh\Documents\NetBeansProjects\quanli_khach_san\src\tool\bcprov-jdk14-1.38.jar;C:\Users\khanh\Documents\NetBeansProjects\quanli_khach_san\src\tool\bcprov-jdk14-138.jar;C:\Users\khanh\Documents\NetBeansProjects\quanli_khach_san\src\tool\bctsp-jdk14-1.38.jar;C:\Users\khanh\Documents\NetBeansProjects\quanli_khach_san\src\tool\castor-1.2.jar;C:\Users\khanh\Documents\NetBeansProjects\quanli_khach_san\src\tool\commons-beanutils-1.8.0.jar;C:\Users\khanh\Documents\NetBeansProjects\quanli_khach_san\src\tool\commons-collections-3.2.1.jar;C:\Users\khanh\Documents\NetBeansProjects\quanli_khach_san\src\tool\commons-digester-2.1.jar;C:\Users\khanh\Documents\NetBeansProjects\quanli_khach_san\src\tool\commons-logging-1.1.1.jar;C:\Users\khanh\Documents\NetBeansProjects\quanli_khach_san\src\tool\itext-2.1.7.js2.jar;C:\Users\khanh\Documents\NetBeansProjects\quanli_khach_san\src\tool\jackson-annotations-2.1.4.jar;C:\Users\khanh\Documents\NetBeansProjects\quanli_khach_san\src\tool\jackson-core-2.1.4.jar;C:\Users\khanh\Documents\NetBeansProjects\quanli_khach_san\src\tool\jackson-databind-2.1.4.jar;C:\Users\khanh\Documents\NetBeansProjects\quanli_khach_san\src\tool\jakarta-regexp-1.4.jar;C:\Users\khanh\Documents\NetBeansProjects\quanli_khach_san\src\tool\jasperreports-5.6.0.jar;C:\Users\khanh\Documents\NetBeansProjects\quanli_khach_san\src\tool\jcalendar-1.4.jar;C:\Users\khanh\Documents\NetBeansProjects\quanli_khach_san\src\tool\jcommon-1.0.15.jar;C:\Users\khanh\Documents\NetBeansProjects\quanli_khach_san\src\tool\jdtcore-
Launcher Type: SUN_STANDARD

[Global flags]
     intx CICompilerCount                          = 4                                         {product} {ergonomic}
     uint ConcGCThreads                            = 2                                         {product} {ergonomic}
     uint G1ConcRefinementThreads                  = 8                                         {product} {ergonomic}
   size_t G1HeapRegionSize                         = 2097152                                   {product} {ergonomic}
    uintx GCDrainStackTargetSize                   = 64                                        {product} {ergonomic}
   size_t InitialHeapSize                          = 268435456                                 {product} {ergonomic}
   size_t MarkStackSize                            = 4194304                                   {product} {ergonomic}
   size_t MaxHeapSize                              = 4265607168                                {product} {ergonomic}
   size_t MinHeapDeltaBytes                        = 2097152                                   {product} {ergonomic}
   size_t MinHeapSize                              = 8388608                                   {product} {ergonomic}
    uintx NonNMethodCodeHeapSize                   = 5839372                                {pd product} {ergonomic}
    uintx NonProfiledCodeHeapSize                  = 122909434                              {pd product} {ergonomic}
    uintx ProfiledCodeHeapSize                     = 122909434                              {pd product} {ergonomic}
    uintx ReservedCodeCacheSize                    = 251658240                              {pd product} {ergonomic}
     bool SegmentedCodeCache                       = true                                      {product} {ergonomic}
   size_t SoftMaxHeapSize                          = 4265607168                             {manageable} {ergonomic}
     bool UseCompressedClassPointers               = true                           {product lp64_product} {ergonomic}
     bool UseCompressedOops                        = true                           {product lp64_product} {ergonomic}
     bool UseG1GC                                  = true                                      {product} {ergonomic}
     bool UseLargePagesIndividualAllocation        = false                                  {pd product} {ergonomic}

Logging:
Log output configuration:
 #0: stdout all=warning uptime,level,tags
 #1: stderr all=off uptime,level,tags

Environment Variables:
PATH=D:\app\oracle\product\19c\db_home1\bin;C:\Program Files\Common Files\Oracle\Java\javapath;C:\Windows\system32;C:\Windows;C:\Windows\System32\Wbem;C:\Windows\System32\WindowsPowerShell\v1.0\;C:\Windows\System32\OpenSSH\;C:\Program Files\Git\cmd;C:\Users\khanh\AppData\Local\Microsoft\WindowsApps;C:\Users\khanh\AppData\Local\GitHubDesktop\bin;C:\Users\khanh\AppData\Local\Programs\Microsoft VS Code\bin
USERNAME=khanh
OS=Windows_NT
PROCESSOR_IDENTIFIER=Intel64 Family 6 Model 142 Stepping 12, GenuineIntel



---------------  S Y S T E M  ---------------

OS:
 Windows 10 , 64 bit Build 19041 (10.0.19041.1023)
OS uptime: 0 days 8:42 hours

CPU: total 8 (initial active 8) (4 cores per cpu, 2 threads per core) family 6 model 142 stepping 12 microcode 0xde, cx8, cmov, fxsr, ht, mmx, 3dnowpref, sse, sse2, sse3, ssse3, sse4.1, sse4.2, popcnt, lzcnt, tsc, tscinvbit, avx, avx2, aes, erms, clmul, bmi1, bmi2, adx, fma, vzeroupper, clflush, clflushopt

Memory: 4k page, system-wide physical 16271M (3635M free)
TotalPageFile size 30361M (AvailPageFile size 574M)
current process WorkingSet (physical memory assigned to process): 10M, peak: 10M
current process commit charge ("private bytes"): 60M, peak: 316M

vm_info: Java HotSpot(TM) 64-Bit Server VM (16.0.1+9-24) for windows-amd64 JRE (16.0.1+9-24), built on Mar 26 2021 19:31:42 by "mach5one" with MS VC++ 16.7 (VS2019)

END.
